<?xml version="1.0" encoding="UTF-8"?>
<testng-results ignored="0" total="2" passed="2" failed="0" skipped="0">
  <reporter-output>
  </reporter-output>
  <suite started-at="2021-06-01T18:15:53Z" name="Default suite" finished-at="2021-06-01T18:16:05Z" duration-ms="11531">
    <groups>
    </groups>
    <test started-at="2021-06-01T18:15:53Z" name="Default test" finished-at="2021-06-01T18:16:05Z" duration-ms="11531">
      <class name="tests.TestHome">
        <test-method is-config="true" signature="createDriver()[pri:0, instance:tests.TestHome@175b9425]" started-at="2021-06-01T18:15:54Z" name="createDriver" finished-at="2021-06-01T18:15:56Z" duration-ms="2036" status="PASS">
          <reporter-output>
          </reporter-output>
        </test-method> <!-- createDriver -->
        <test-method signature="testLoginFail()[pri:1, instance:tests.TestHome@175b9425]" started-at="2021-06-01T18:15:56Z" name="testLoginFail" finished-at="2021-06-01T18:15:56Z" duration-ms="774" status="PASS">
          <reporter-output>
          </reporter-output>
        </test-method> <!-- testLoginFail -->
        <test-method signature="testLoginData()[pri:2, instance:tests.TestHome@175b9425]" started-at="2021-06-01T18:15:56Z" name="testLoginData" finished-at="2021-06-01T18:16:04Z" duration-ms="7774" status="PASS">
          <reporter-output>
          </reporter-output>
        </test-method> <!-- testLoginData -->
        <test-method is-config="true" signature="closeAll()[pri:0, instance:tests.TestHome@175b9425]" started-at="2021-06-01T18:16:04Z" name="closeAll" finished-at="2021-06-01T18:16:05Z" duration-ms="917" status="PASS">
          <reporter-output>
          </reporter-output>
        </test-method> <!-- closeAll -->
      </class> <!-- tests.TestHome -->
    </test> <!-- Default test -->
  </suite> <!-- Default suite -->
</testng-results>
